# JRE version: Java(TM) SE Runtime Environment (8.0_191-b12) (build 1.8.0_191-b12)
# Java VM: Java HotSpot(TM) 64-Bit Server VM (25.191-b12 mixed mode windows-amd64 compressed oops)
Heap:
 PSYoungGen      total 132608K, used 70770K [0x00000000d5f00000, 0x00000000df000000, 0x0000000100000000)
  eden space 119808K, 48% used [0x00000000d5f00000,0x00000000d97b5070,0x00000000dd400000)
  from space 12800K, 99% used [0x00000000ddb00000,0x00000000de767890,0x00000000de780000)
  to   space 8704K, 0% used [0x00000000de780000,0x00000000de780000,0x00000000df000000)
 ParOldGen       total 76800K, used 15789K [0x0000000081c00000, 0x0000000086700000, 0x00000000d5f00000)
  object space 76800K, 20% used [0x0000000081c00000,0x0000000082b6b4d8,0x0000000086700000)
 Metaspace       used 25412K, capacity 26132K, committed 26368K, reserved 1073152K
  class space    used 2990K, capacity 3218K, committed 3328K, reserved 1048576K
GC Heap History (10 events):
Event: 1.510 GC heap before
{Heap before GC invocations=4 (full 0):
 PSYoungGen      total 38400K, used 38368K [0x00000000d5f00000, 0x00000000daa00000, 0x0000000100000000)
  eden space 33280K, 100% used [0x00000000d5f00000,0x00000000d7f80000,0x00000000d7f80000)
  from space 5120K, 99% used [0x00000000d7f80000,0x00000000d8478020,0x00000000d8480000)
  to   space 5120K, 0% used [0x00000000da500000,0x00000000da500000,0x00000000daa00000)
 ParOldGen       total 87552K, used 5099K [0x0000000081c00000, 0x0000000087180000, 0x00000000d5f00000)
  object space 87552K, 5% used [0x0000000081c00000,0x00000000820faca8,0x0000000087180000)
 Metaspace       used 16786K, capacity 17124K, committed 17280K, reserved 1064960K
  class space    used 2002K, capacity 2106K, committed 2176K, reserved 1048576K
Event: 1.518 GC heap after
Heap after GC invocations=4 (full 0):
 PSYoungGen      total 71680K, used 5104K [0x00000000d5f00000, 0x00000000daa00000, 0x0000000100000000)
  eden space 66560K, 0% used [0x00000000d5f00000,0x00000000d5f00000,0x00000000da000000)
  from space 5120K, 99% used [0x00000000da500000,0x00000000da9fc030,0x00000000daa00000)
  to   space 5120K, 0% used [0x00000000da000000,0x00000000da000000,0x00000000da500000)
 ParOldGen       total 87552K, used 10280K [0x0000000081c00000, 0x0000000087180000, 0x00000000d5f00000)
  object space 87552K, 11% used [0x0000000081c00000,0x000000008260a190,0x0000000087180000)
 Metaspace       used 16786K, capacity 17124K, committed 17280K, reserved 1064960K
  class space    used 2002K, capacity 2106K, committed 2176K, reserved 1048576K
}
Event: 2.260 GC heap before
{Heap before GC invocations=5 (full 0):
 PSYoungGen      total 71680K, used 38472K [0x00000000d5f00000, 0x00000000daa00000, 0x0000000100000000)
  eden space 66560K, 50% used [0x00000000d5f00000,0x00000000d7f96310,0x00000000da000000)
  from space 5120K, 99% used [0x00000000da500000,0x00000000da9fc030,0x00000000daa00000)
  to   space 5120K, 0% used [0x00000000da000000,0x00000000da000000,0x00000000da500000)
 ParOldGen       total 87552K, used 10280K [0x0000000081c00000, 0x0000000087180000, 0x00000000d5f00000)
  object space 87552K, 11% used [0x0000000081c00000,0x000000008260a190,0x0000000087180000)
 Metaspace       used 20866K, capacity 21142K, committed 21296K, reserved 1069056K
  class space    used 2512K, capacity 2671K, committed 2688K, reserved 1048576K
Event: 2.270 GC heap after
Heap after GC invocations=5 (full 0):
 PSYoungGen      total 71680K, used 5088K [0x00000000d5f00000, 0x00000000dfa00000, 0x0000000100000000)
  eden space 66560K, 0% used [0x00000000d5f00000,0x00000000d5f00000,0x00000000da000000)
  from space 5120K, 99% used [0x00000000da000000,0x00000000da4f8010,0x00000000da500000)
  to   space 12800K, 0% used [0x00000000ded80000,0x00000000ded80000,0x00000000dfa00000)
 ParOldGen       total 87552K, used 15728K [0x0000000081c00000, 0x0000000087180000, 0x00000000d5f00000)
  object space 87552K, 17% used [0x0000000081c00000,0x0000000082b5c3d8,0x0000000087180000)
 Metaspace       used 20866K, capacity 21142K, committed 21296K, reserved 1069056K
  class space    used 2512K, capacity 2671K, committed 2688K, reserved 1048576K
}
Event: 2.270 GC heap before
{Heap before GC invocations=6 (full 1):
 PSYoungGen      total 71680K, used 5088K [0x00000000d5f00000, 0x00000000dfa00000, 0x0000000100000000)
  eden space 66560K, 0% used [0x00000000d5f00000,0x00000000d5f00000,0x00000000da000000)
  from space 5120K, 99% used [0x00000000da000000,0x00000000da4f8010,0x00000000da500000)
  to   space 12800K, 0% used [0x00000000ded80000,0x00000000ded80000,0x00000000dfa00000)
 ParOldGen       total 87552K, used 15728K [0x0000000081c00000, 0x0000000087180000, 0x00000000d5f00000)
  object space 87552K, 17% used [0x0000000081c00000,0x0000000082b5c3d8,0x0000000087180000)
 Metaspace       used 20866K, capacity 21142K, committed 21296K, reserved 1069056K
  class space    used 2512K, capacity 2671K, committed 2688K, reserved 1048576K
Event: 2.320 GC heap after
Heap after GC invocations=6 (full 1):
 PSYoungGen      total 71680K, used 0K [0x00000000d5f00000, 0x00000000dfa00000, 0x0000000100000000)
  eden space 66560K, 0% used [0x00000000d5f00000,0x00000000d5f00000,0x00000000da000000)
  from space 5120K, 0% used [0x00000000da000000,0x00000000da000000,0x00000000da500000)
  to   space 12800K, 0% used [0x00000000ded80000,0x00000000ded80000,0x00000000dfa00000)
 ParOldGen       total 76800K, used 15773K [0x0000000081c00000, 0x0000000086700000, 0x00000000d5f00000)
  object space 76800K, 20% used [0x0000000081c00000,0x0000000082b674d8,0x0000000086700000)
 Metaspace       used 20866K, capacity 21142K, committed 21296K, reserved 1069056K
  class space    used 2512K, capacity 2671K, committed 2688K, reserved 1048576K
}
Event: 4.598 GC heap before
{Heap before GC invocations=7 (full 1):
 PSYoungGen      total 71680K, used 66560K [0x00000000d5f00000, 0x00000000dfa00000, 0x0000000100000000)
  eden space 66560K, 100% used [0x00000000d5f00000,0x00000000da000000,0x00000000da000000)
  from space 5120K, 0% used [0x00000000da000000,0x00000000da000000,0x00000000da500000)
  to   space 12800K, 0% used [0x00000000ded80000,0x00000000ded80000,0x00000000dfa00000)
 ParOldGen       total 76800K, used 15773K [0x0000000081c00000, 0x0000000086700000, 0x00000000d5f00000)
  object space 76800K, 20% used [0x0000000081c00000,0x0000000082b674d8,0x0000000086700000)
 Metaspace       used 21551K, capacity 21926K, committed 22192K, reserved 1069056K
  class space    used 2569K, capacity 2711K, committed 2816K, reserved 1048576K
Event: 4.603 GC heap after
Heap after GC invocations=7 (full 1):
 PSYoungGen      total 96768K, used 6448K [0x00000000d5f00000, 0x00000000df400000, 0x0000000100000000)
  eden space 90112K, 0% used [0x00000000d5f00000,0x00000000d5f00000,0x00000000db700000)
  from space 6656K, 96% used [0x00000000ded80000,0x00000000df3cc218,0x00000000df400000)
  to   space 12800K, 0% used [0x00000000ddb00000,0x00000000ddb00000,0x00000000de780000)
 ParOldGen       total 76800K, used 15781K [0x0000000081c00000, 0x0000000086700000, 0x00000000d5f00000)
  object space 76800K, 20% used [0x0000000081c00000,0x0000000082b694d8,0x0000000086700000)
 Metaspace       used 21551K, capacity 21926K, committed 22192K, reserved 1069056K
  class space    used 2569K, capacity 2711K, committed 2816K, reserved 1048576K
}
Event: 5.615 GC heap before
{Heap before GC invocations=8 (full 1):
 PSYoungGen      total 96768K, used 96560K [0x00000000d5f00000, 0x00000000df400000, 0x0000000100000000)
  eden space 90112K, 100% used [0x00000000d5f00000,0x00000000db700000,0x00000000db700000)
  from space 6656K, 96% used [0x00000000ded80000,0x00000000df3cc218,0x00000000df400000)
  to   space 12800K, 0% used [0x00000000ddb00000,0x00000000ddb00000,0x00000000de780000)
 ParOldGen       total 76800K, used 15781K [0x0000000081c00000, 0x0000000086700000, 0x00000000d5f00000)
  object space 76800K, 20% used [0x0000000081c00000,0x0000000082b694d8,0x0000000086700000)
 Metaspace       used 23494K, capacity 24086K, committed 24448K, reserved 1071104K
  class space    used 2727K, capacity 2921K, committed 2944K, reserved 1048576K
Event: 5.623 GC heap after
Heap after GC invocations=8 (full 1):
 PSYoungGen      total 132608K, used 12702K [0x00000000d5f00000, 0x00000000df000000, 0x0000000100000000)
  eden space 119808K, 0% used [0x00000000d5f00000,0x00000000d5f00000,0x00000000dd400000)
  from space 12800K, 99% used [0x00000000ddb00000,0x00000000de767890,0x00000000de780000)
  to   space 8704K, 0% used [0x00000000de780000,0x00000000de780000,0x00000000df000000)
 ParOldGen       total 76800K, used 15789K [0x0000000081c00000, 0x0000000086700000, 0x00000000d5f00000)
  object space 76800K, 20% used [0x0000000081c00000,0x0000000082b6b4d8,0x0000000086700000)
 Metaspace       used 23494K, capacity 24086K, committed 24448K, reserved 1071104K
  class space    used 2727K, capacity 2921K, committed 2944K, reserved 1048576K
}

